Loading data from: result_2025-01-12_075226_processed_traces_v2.csv

=== Training model for node type ===
ModelA Epoch 1 Loss: 6.9976
ModelB Epoch 1 Loss: 6.5115
Epoch 1 - ModelA Accuracy: 0.000, ModelB Top-5 Accuracy: 0.889
ModelA Epoch 2 Loss: 6.4561
ModelB Epoch 2 Loss: 5.0256
Epoch 2 - ModelA Accuracy: 0.056, ModelB Top-5 Accuracy: 1.000
ModelA Epoch 3 Loss: 5.6310
ModelB Epoch 3 Loss: 3.8541
Epoch 3 - ModelA Accuracy: 0.056, ModelB Top-5 Accuracy: 1.000
ModelA Epoch 4 Loss: 5.1312
ModelB Epoch 4 Loss: 3.0605
Epoch 4 - ModelA Accuracy: 0.056, ModelB Top-5 Accuracy: 1.000
ModelA Epoch 5 Loss: 4.3570
ModelB Epoch 5 Loss: 2.5891
Epoch 5 - ModelA Accuracy: 0.056, ModelB Top-5 Accuracy: 1.000
ModelA Epoch 6 Loss: 3.9731
ModelB Epoch 6 Loss: 2.1159
Epoch 6 - ModelA Accuracy: 0.000, ModelB Top-5 Accuracy: 1.000
ModelA Epoch 7 Loss: 2.8988
ModelB Epoch 7 Loss: 1.8920
Epoch 7 - ModelA Accuracy: 0.000, ModelB Top-5 Accuracy: 1.000
ModelA Epoch 8 Loss: 2.6091
ModelB Epoch 8 Loss: 0.8475
Epoch 8 - ModelA Accuracy: 0.000, ModelB Top-5 Accuracy: 1.000
ModelA Epoch 9 Loss: 2.5647
ModelB Epoch 9 Loss: 1.2505
Epoch 9 - ModelA Accuracy: 0.000, ModelB Top-5 Accuracy: 1.000
ModelA Epoch 10 Loss: 1.7313
ModelB Epoch 10 Loss: 0.6032
Epoch 10 - ModelA Accuracy: 0.000, ModelB Top-5 Accuracy: 1.000

=== Training Results ===

node:
- Data size: 87
- Model A accuracy: 0.0000
- Model B top-5 accuracy: 1.0000
